Logfile network_3.log created
Number of images:  10000
Dimension of images:  784  ( 28 x 28 )
Number of images:  60000
Dimension of images:  784  ( 28 x 28 )
Number of labels:  60000
Number of labels:  10000
Dense layer created with I/O dimensions 784 128, the activation function: ISRLU
Dense layer created with I/O dimensions 128 10, the activation function: Tanh
Setting up the network...
Done.
==================================================
Start training network on 60000 samples.
Number of trainable parameters: 101632
Number of epochs: 10
Batch size: 1 (in 60000 batch, the remainder: 0 )
==================================================
Epoch  1 / 10 :
60000 / 60000 [ ================================================== ] 100 %
Mean square error:  26535.8
Epoch  2 / 10 :
60000 / 60000 [ ================================================== ] 100 %
Mean square error:  5394.37
Epoch  3 / 10 :
60000 / 60000 [ ================================================== ] 100 %
Mean square error:  2673.79
Epoch  4 / 10 :
60000 / 60000 [ ================================================== ] 100 %
Mean square error:  2593.54
Epoch  5 / 10 :
60000 / 60000 [ ================================================== ] 100 %
Mean square error:  2591.13
Epoch  6 / 10 :
60000 / 60000 [ ================================================== ] 100 %
Mean square error:  2591.02
Epoch  7 / 10 :
60000 / 60000 [ ================================================== ] 100 %
Mean square error:  2591.03
Epoch  8 / 10 :
60000 / 60000 [ ================================================== ] 100 %
Mean square error:  2591.03
Epoch  9 / 10 :
60000 / 60000 [ ================================================== ] 100 %
Mean square error:  2591.03
Epoch  10 / 10 :
60000 / 60000 [ ================================================== ] 100 %
Mean square error:  2591.03
==================================================
Start validating network on 10000 samples.
==================================================
10000 / 10000 [ ================================================== ] 100 %
Validation result:  7977 / 10000 passed ( 79.77 % accuracy)
Saving trained network to network_3 complete.
