Logfile network_2.log created
Number of images:  10000
Dimension of images:  784  ( 28 x 28 )
Number of images:  60000
Dimension of images:  784  ( 28 x 28 )
Number of labels:  60000
Number of labels:  10000
Dense layer created with I/O dimensions 784 128, the activation function: Bent
Dense layer created with I/O dimensions 128 10, the activation function: Tanh
Setting up the network...
Done.
==================================================
Start training network on 60000 samples.
Number of trainable parameters: 101632
Number of epochs: 10
Batch size: 1 (in 60000 batch, the remainder: 0 )
==================================================
Epoch  1 / 10 :
60000 / 60000 [ ================================================== ] 100 %
Mean square error:  42009.6
Epoch  2 / 10 :
60000 / 60000 [ ================================================== ] 100 %
Mean square error:  30515.3
Epoch  3 / 10 :
60000 / 60000 [ ================================================== ] 100 %
Mean square error:  21629.4
Epoch  4 / 10 :
60000 / 60000 [ ================================================== ] 100 %
Mean square error:  13482.3
Epoch  5 / 10 :
60000 / 60000 [ ================================================== ] 100 %
Mean square error:  7548.93
Epoch  6 / 10 :
60000 / 60000 [ ================================================== ] 100 %
Mean square error:  4442.85
Epoch  7 / 10 :
60000 / 60000 [ ================================================== ] 100 %
Mean square error:  3216.41
Epoch  8 / 10 :
60000 / 60000 [ ================================================== ] 100 %
Mean square error:  2789.03
Epoch  9 / 10 :
60000 / 60000 [ ================================================== ] 100 %
Mean square error:  2638.63
Epoch  10 / 10 :
60000 / 60000 [ ================================================== ] 100 %
Mean square error:  2582.62
==================================================
Start validating network on 10000 samples.
==================================================
10000 / 10000 [ ================================================== ] 100 %
Validation result:  8116 / 10000 passed ( 81.16 % accuracy)
Saving trained network to network_2 complete.
