Logfile network_4.log created
Number of images:  10000
Dimension of images:  784  ( 28 x 28 )
Number of images:  60000
Dimension of images:  784  ( 28 x 28 )
Number of labels:  60000
Number of labels:  10000
Dense layer created with I/O dimensions 784 192, the activation function: Bent
Dense layer created with I/O dimensions 192 10, the activation function: SoftPlus
Setting up the network...
Done.
==================================================
Start training network on 60000 samples.
Number of trainable parameters: 152448
Number of epochs: 10
Batch size: 1 (in 60000 batch, the remainder: 0 )
==================================================
Epoch  1 / 10 :
60000 / 60000 [ ================================================== ] 100 %
Mean square error:  22351.3
Epoch  2 / 10 :
60000 / 60000 [ ================================================== ] 100 %
Mean square error:  11769.2
Epoch  3 / 10 :
60000 / 60000 [ ================================================== ] 100 %
Mean square error:  9662.11
Epoch  4 / 10 :
60000 / 60000 [ ================================================== ] 100 %
Mean square error:  8382.32
Epoch  5 / 10 :
60000 / 60000 [ ================================================== ] 100 %
Mean square error:  7528.75
Epoch  6 / 10 :
60000 / 60000 [ ================================================== ] 100 %
Mean square error:  6899.66
Epoch  7 / 10 :
60000 / 60000 [ ================================================== ] 100 %
Mean square error:  6397.43
Epoch  8 / 10 :
60000 / 60000 [ ================================================== ] 100 %
Mean square error:  5977.08
Epoch  9 / 10 :
60000 / 60000 [ ================================================== ] 100 %
Mean square error:  5615.9
Epoch  10 / 10 :
60000 / 60000 [ ================================================== ] 100 %
Mean square error:  5300.66
==================================================
Start validating network on 10000 samples.
==================================================
10000 / 10000 [ ================================================== ] 100 %
Validation result:  7430 / 10000 passed ( 74.3 % accuracy)
Saving trained network to network_4 complete.
