Logfile network_2.log created
Number of images:  10000
Dimension of images:  784  ( 28 x 28 )
Number of images:  60000
Dimension of images:  784  ( 28 x 28 )
Number of labels:  60000
Number of labels:  10000
Dense layer created with I/O dimensions 784 128, the activation function: Bent
Dense layer created with I/O dimensions 128 32, the activation function: Relu
Dense layer created with I/O dimensions 32 10, the activation function: Tanh
Setting up the network...
Done.
==================================================
Start training network on 60000 samples.
Number of trainable parameters: 104768
Number of epochs: 10
Batch size: 1 (in 60000 batch, the remainder: 0 )
==================================================
Epoch  1 / 10 :
60000 / 60000 [ ================================================== ] 100 %
Mean square error:  35404
Epoch  2 / 10 :
60000 / 60000 [ ================================================== ] 100 %
Mean square error:  8510.51
Epoch  3 / 10 :
60000 / 60000 [ ================================================== ] 100 %
Mean square error:  4259.54
Epoch  4 / 10 :
60000 / 60000 [ ================================================== ] 100 %
Mean square error:  3646.49
Epoch  5 / 10 :
60000 / 60000 [ ================================================== ] 100 %
Mean square error:  3537.68
Epoch  6 / 10 :
60000 / 60000 [ ================================================== ] 100 %
Mean square error:  3526.26
Epoch  7 / 10 :
60000 / 60000 [ ================================================== ] 100 %
Mean square error:  3524.54
Epoch  8 / 10 :
60000 / 60000 [ ================================================== ] 100 %
Mean square error:  3523.65
Epoch  9 / 10 :
60000 / 60000 [ ================================================== ] 100 %
Mean square error:  3522.96
Epoch  10 / 10 :
60000 / 60000 [ ================================================== ] 100 %
Mean square error:  3522.42
==================================================
Start validating network on 10000 samples.
==================================================
10000 / 10000 [ ================================================== ] 100 %
Validation result:  6099 / 10000 passed ( 60.99 % accuracy)
Saving trained network to network_2 complete.
