Logfile network_6.log created
Number of images:  10000
Dimension of images:  784  ( 28 x 28 )
Number of images:  60000
Dimension of images:  784  ( 28 x 28 )
Number of labels:  60000
Number of labels:  10000
Dense layer created with I/O dimensions 784 64, the activation function: ISRLU
Dense layer created with I/O dimensions 64 32, the activation function: Bent
Dense layer created with I/O dimensions 32 10, the activation function: Tanh
Setting up the network...
Done.
==================================================
Start training network on 60000 samples.
Number of trainable parameters: 52544
Number of epochs: 10
Batch size: 1 (in 60000 batch, the remainder: 0 )
==================================================
Epoch  1 / 10 :
60000 / 60000 [ ================================================== ] 100 %
Mean square error:  7900.66
Epoch  2 / 10 :
60000 / 60000 [ ================================================== ] 100 %
Mean square error:  3745.65
Epoch  3 / 10 :
60000 / 60000 [ ================================================== ] 100 %
Mean square error:  3642.19
Epoch  4 / 10 :
60000 / 60000 [ ================================================== ] 100 %
Mean square error:  3623.75
Epoch  5 / 10 :
60000 / 60000 [ ================================================== ] 100 %
Mean square error:  3614.27
Epoch  6 / 10 :
60000 / 60000 [ ================================================== ] 100 %
Mean square error:  3608.76
Epoch  7 / 10 :
60000 / 60000 [ ================================================== ] 100 %
Mean square error:  3608.14
Epoch  8 / 10 :
60000 / 60000 [ ================================================== ] 100 %
Mean square error:  3611.97
Epoch  9 / 10 :
60000 / 60000 [ ================================================== ] 100 %
Mean square error:  3619.84
Epoch  10 / 10 :
60000 / 60000 [ ================================================== ] 100 %
Mean square error:  3631.1
==================================================
Start validating network on 10000 samples.
==================================================
10000 / 10000 [ ================================================== ] 100 %
Validation result:  6123 / 10000 passed ( 61.23 % accuracy)
Saving trained network to network_6 complete.
