Logfile network_5.log created
Number of images:  10000
Dimension of images:  784  ( 28 x 28 )
Number of images:  60000
Dimension of images:  784  ( 28 x 28 )
Number of labels:  60000
Number of labels:  10000
Dense layer created with I/O dimensions 784 192, the activation function: ISRLU
Dense layer created with I/O dimensions 192 10, the activation function: Tanh
Setting up the network...
Done.
==================================================
Start training network on 60000 samples.
Number of trainable parameters: 152448
Number of epochs: 5
Batch size: 1 (in 60000 batch, the remainder: 0 )
==================================================
Epoch  1 / 5 :
60000 / 60000 [ ================================================== ] 100 %
Mean square error:  31729.1
Epoch  2 / 5 :
60000 / 60000 [ ================================================== ] 100 %
Mean square error:  10875.7
Epoch  3 / 5 :
60000 / 60000 [ ================================================== ] 100 %
Mean square error:  3270.89
Epoch  4 / 5 :
60000 / 60000 [ ================================================== ] 100 %
Mean square error:  2463.83
Epoch  5 / 5 :
60000 / 60000 [ ================================================== ] 100 %
Mean square error:  2407.52
==================================================
Start validating network on 10000 samples.
==================================================
10000 / 10000 [ ================================================== ] 100 %
Validation result:  8202 / 10000 passed ( 82.02 % accuracy)
Saving trained network to network_5 complete.
